<?xml version="1.0" encoding="UTF-8"?>
<!-- Generated by org.testng.reporters.JUnitReportReporter -->
<testsuite skipped="0" hostname="HYD003668" name="com.sis.qa.testcases.QC_PassTest" tests="1" failures="0" timestamp="17 Jan 2018 08:22:45 GMT" time="37.316" errors="0">
  <testcase name="QCPassReport" time="37.316" classname="com.sis.qa.testcases.QC_PassTest"/>
</testsuite> <!-- com.sis.qa.testcases.QC_PassTest -->
