<?xml version="1.0" encoding="UTF-8"?>
<!-- Generated by org.testng.reporters.JUnitReportReporter -->
<testsuite skipped="0" hostname="HYD003668" name="com.sis.qa.testcases.ReportPageTest" tests="1" failures="0" timestamp="19 Dec 2017 08:04:03 GMT" time="15.408" errors="0">
  <testcase name="clickreportUploadtest" time="15.408" classname="com.sis.qa.testcases.ReportPageTest"/>
</testsuite> <!-- com.sis.qa.testcases.ReportPageTest -->
