<?xml version="1.0" encoding="UTF-8"?>
<!-- Generated by org.testng.reporters.JUnitReportReporter -->
<testsuite skipped="0" hostname="HYD003668" name="com.sis.qa.testcases.LoginPageTest" tests="1" failures="0" timestamp="09 Jan 2018 06:56:31 GMT" time="14.639" errors="0">
  <testcase name="LoginTest" time="14.639" classname="com.sis.qa.testcases.LoginPageTest"/>
</testsuite> <!-- com.sis.qa.testcases.LoginPageTest -->
